<?xml version="1.0" encoding="UTF-8"?>
<!-- Generated by org.testng.reporters.JUnitReportReporter -->
<testsuite hostname="TYSS-Jitendra" failures="0" tests="1" name="cucumber.TestNGTestRunner" time="24.549" errors="0" timestamp="2023-12-12T00:59:02 IST" skipped="0">
  <testcase classname="cucumber.TestNGTestRunner" name="runScenario" time="24.549"/>
  <system-out/>
</testsuite> <!-- cucumber.TestNGTestRunner -->
