<?xml version="1.0" encoding="UTF-8"?>
<!-- Generated by org.testng.reporters.JUnitReportReporter -->
<testsuite hostname="TYSS-Jitendra" failures="0" tests="1" name="cucumber.TestNGTestRunner" time="21.776" errors="0" timestamp="2023-12-12T01:20:26 IST" skipped="0">
  <testcase classname="cucumber.TestNGTestRunner" name="runScenario" time="21.776"/>
</testsuite> <!-- cucumber.TestNGTestRunner -->
