<?xml version="1.0" encoding="UTF-8"?>
<!-- Generated by org.testng.reporters.JUnitReportReporter -->
<testsuite hostname="TYSS-Jitendra" failures="0" tests="1" name="practise.TestCases.SubmitOrderTest" time="21.572" errors="0" timestamp="2023-12-12T01:18:19 IST" skipped="0">
  <testcase classname="practise.TestCases.SubmitOrderTest" name="submitOrder" time="21.572"/>
</testsuite> <!-- practise.TestCases.SubmitOrderTest -->
